#
# There is insufficient memory for the Java Runtime Environment to continue.
# Native memory allocation (malloc) failed to allocate 1048576 bytes for AllocateHeap
# Possible reasons:
#   The system is out of physical RAM or swap space
#   The process is running with CompressedOops enabled, and the Java Heap may be blocking the growth of the native heap
# Possible solutions:
#   Reduce memory load on the system
#   Increase physical memory or swap space
#   Check if swap backing store is full
#   Decrease Java heap size (-Xmx/-Xms)
#   Decrease number of Java threads
#   Decrease Java thread stack sizes (-Xss)
#   Set larger code cache with -XX:ReservedCodeCacheSize=
#   JVM is running with Unscaled Compressed Oops mode in which the Java heap is
#     placed in the first 4GB address space. The Java Heap base address is the
#     maximum limit for the native heap growth. Please use -XX:HeapBaseMinAddress
#     to set the Java Heap base and to place the Java Heap above 4GB virtual address.
# This output file may be truncated or incomplete.
#
#  Out of Memory Error (memory/allocation.inline.hpp:61), pid=9724, tid=0x0000000000002214
#
# JRE version:  (8.0_261-b12) (build )
# Java VM: Java HotSpot(TM) 64-Bit Server VM (25.261-b12 mixed mode windows-amd64 compressed oops)
# Failed to write core dump. Minidumps are not enabled by default on client versions of Windows
#

---------------  T H R E A D  ---------------

Current thread (0x0000024757b93800):  JavaThread "Unknown thread" [_thread_in_vm, id=8724, stack(0x000000c97c900000,0x000000c97ca00000)]

Stack: [0x000000c97c900000,0x000000c97ca00000]
Native frames: (J=compiled Java code, j=interpreted, Vv=VM code, C=native code)
V  [jvm.dll+0x33e5f9]
V  [jvm.dll+0x2850e2]
V  [jvm.dll+0x285d8d]
V  [jvm.dll+0x27c895]
V  [jvm.dll+0x1565d]
V  [jvm.dll+0x3d9117]
V  [jvm.dll+0x3d5557]
V  [jvm.dll+0x10c61f]
V  [jvm.dll+0x21a00b]
V  [jvm.dll+0x248687]
V  [jvm.dll+0x172116]
C  [javaw.exe+0x2322]
C  [javaw.exe+0x16564]
C  [KERNEL32.DLL+0x17bd4]
C  [ntdll.dll+0x6ce51]


---------------  P R O C E S S  ---------------

Java Threads: ( => current thread )

Other Threads:

=>0x0000024757b93800 (exited) JavaThread "Unknown thread" [_thread_in_vm, id=8724, stack(0x000000c97c900000,0x000000c97ca00000)]

VM state:not at safepoint (normal execution)

VM Mutex/Monitor currently owned by a thread: None

heap address: 0x00000000c1600000, size: 1002 MB, Compressed Oops mode: 32-bit
Narrow klass base: 0x0000000000000000, Narrow klass shift: 3
Compressed class space size: 1073741824 Address: 0x0000000100000000

Heap:
 PSYoungGen      total 18944K, used 327K [0x00000000eb200000, 0x00000000ec700000, 0x0000000100000000)
  eden space 16384K, 2% used [0x00000000eb200000,0x00000000eb251ec8,0x00000000ec200000)
  from space 2560K, 0% used [0x00000000ec480000,0x00000000ec480000,0x00000000ec700000)
  to   space 2560K, 0% used [0x00000000ec200000,0x00000000ec200000,0x00000000ec480000)
 ParOldGen       total 44032K, used 0K [0x00000000c1600000, 0x00000000c4100000, 0x00000000eb200000)
  object space 44032K, 0% used [0x00000000c1600000,0x00000000c1600000,0x00000000c4100000)
 Metaspace       used 752K, capacity 4480K, committed 4480K, reserved 1056768K
  class space    used 76K, capacity 384K, committed 384K, reserved 1048576K

Card table byte_map: [0x0000024768810000,0x0000024768a10000] byte_map_base: 0x0000024768205000

Marking Bits: (ParMarkBitMap*) 0x00000000710a4fb0
 Begin Bits: [0x0000024768b60000, 0x0000024769b08000)
 End Bits:   [0x0000024769b08000, 0x000002476aab0000)

Polling page: 0x0000024757b50000

CodeCache: size=245760Kb used=328Kb max_used=328Kb free=245431Kb
 bounds [0x0000024759450000, 0x00000247596c0000, 0x0000024768450000]
 total_blobs=58 nmethods=0 adapters=38
 compilation: enabled

Compilation events (0 events):
No events

GC Heap History (0 events):
No events

Deoptimization events (0 events):
No events

Classes redefined (0 events):
No events

Internal exceptions (0 events):
No events

Events (10 events):
Event: 0.090 loading class java/lang/Short
Event: 0.091 loading class java/lang/Short done
Event: 0.091 loading class java/lang/Integer
Event: 0.091 loading class java/lang/Integer done
Event: 0.091 loading class java/lang/Long
Event: 0.091 loading class java/lang/Long done
Event: 0.092 loading class java/lang/NullPointerException
Event: 0.092 loading class java/lang/NullPointerException done
Event: 0.092 loading class java/lang/ArithmeticException
Event: 0.092 loading class java/lang/ArithmeticException done


Dynamic libraries:
0x00007ff771130000 - 0x00007ff771177000 	C:\Program Files\Java\jre1.8.0_261\bin\javaw.exe
0x00007ffa719e0000 - 0x00007ffa71bd0000 	C:\WINDOWS\SYSTEM32\ntdll.dll
0x00007ffa713e0000 - 0x00007ffa71492000 	C:\WINDOWS\System32\KERNEL32.DLL
0x00007ffa6ebb0000 - 0x00007ffa6ee54000 	C:\WINDOWS\System32\KERNELBASE.dll
0x00007ffa714a0000 - 0x00007ffa71543000 	C:\WINDOWS\System32\ADVAPI32.dll
0x00007ffa6fbf0000 - 0x00007ffa6fc8e000 	C:\WINDOWS\System32\msvcrt.dll
0x00007ffa71190000 - 0x00007ffa71227000 	C:\WINDOWS\System32\sechost.dll
0x00007ffa70860000 - 0x00007ffa70980000 	C:\WINDOWS\System32\RPCRT4.dll
0x00007ffa71790000 - 0x00007ffa71925000 	C:\WINDOWS\System32\USER32.dll
0x00007ffa6f010000 - 0x00007ffa6f031000 	C:\WINDOWS\System32\win32u.dll
0x00007ffa70830000 - 0x00007ffa70856000 	C:\WINDOWS\System32\GDI32.dll
0x00007ffa6e9c0000 - 0x00007ffa6eb56000 	C:\WINDOWS\System32\gdi32full.dll
0x00007ffa6f070000 - 0x00007ffa6f10e000 	C:\WINDOWS\System32\msvcp_win.dll
0x00007ffa6ee60000 - 0x00007ffa6ef5a000 	C:\WINDOWS\System32\ucrtbase.dll
0x00007ffa62df0000 - 0x00007ffa63074000 	C:\WINDOWS\WinSxS\amd64_microsoft.windows.common-controls_6595b64144ccf1df_6.0.18362.1016_none_9e7a36bbe461dae4\COMCTL32.dll
0x00007ffa70380000 - 0x00007ffa706b5000 	C:\WINDOWS\System32\combase.dll
0x00007ffa6f8a0000 - 0x00007ffa6f920000 	C:\WINDOWS\System32\bcryptPrimitives.dll
0x00007ffa6fbc0000 - 0x00007ffa6fbee000 	C:\WINDOWS\System32\IMM32.DLL
0x00007ffa62450000 - 0x00007ffa62465000 	C:\Program Files\Java\jre1.8.0_261\bin\vcruntime140.dll
0x00007ffa4c600000 - 0x00007ffa4c69b000 	C:\Program Files\Java\jre1.8.0_261\bin\msvcp140.dll
0x00000000708b0000 - 0x000000007111c000 	C:\Program Files\Java\jre1.8.0_261\bin\server\jvm.dll
0x00007ffa716f0000 - 0x00007ffa716f8000 	C:\WINDOWS\System32\PSAPI.DLL
0x00007ffa5e570000 - 0x00007ffa5e579000 	C:\WINDOWS\SYSTEM32\WSOCK32.dll
0x00007ffa71930000 - 0x00007ffa7199f000 	C:\WINDOWS\System32\WS2_32.dll
0x00007ffa6c7f0000 - 0x00007ffa6c814000 	C:\WINDOWS\SYSTEM32\WINMM.dll
0x00007ffa63d10000 - 0x00007ffa63d1a000 	C:\WINDOWS\SYSTEM32\VERSION.dll
0x00007ffa6c7c0000 - 0x00007ffa6c7ed000 	C:\WINDOWS\SYSTEM32\winmmbase.dll
0x00007ffa6eb60000 - 0x00007ffa6ebaa000 	C:\WINDOWS\System32\cfgmgr32.dll
0x00007ffa6e8a0000 - 0x00007ffa6e8b1000 	C:\WINDOWS\System32\kernel.appcore.dll
0x00007ffa68c50000 - 0x00007ffa68c60000 	C:\Program Files\Java\jre1.8.0_261\bin\verify.dll
0x00007ffa63460000 - 0x00007ffa6348b000 	C:\Program Files\Java\jre1.8.0_261\bin\java.dll
0x00007ffa63290000 - 0x00007ffa632a8000 	C:\Program Files\Java\jre1.8.0_261\bin\zip.dll
0x00007ffa3cb80000 - 0x00007ffa3cd74000 	C:\WINDOWS\SYSTEM32\dbghelp.dll

VM Arguments:
jvm_args: -Dfile.encoding=UTF-8 
java_command: main.main
java_class_path (initial): C:\JAVA_LAB\project1\bin;C:\Users\kimno\Downloads\mysql-connector-java-5.1.46 (1).jar
Launcher Type: SUN_STANDARD

Environment Variables:
PATH=C:/Program Files/Java/jre1.8.0_261/bin/server;C:/Program Files/Java/jre1.8.0_261/bin;C:/Program Files/Java/jre1.8.0_261/lib/amd64;C:\Program Files (x86)\Common Files\Oracle\Java\javapath;C:\WINDOWS\system32;C:\WINDOWS;C:\WINDOWS\System32\Wbem;C:\WINDOWS\System32\WindowsPowerShell\v1.0\;C:\WINDOWS\System32\OpenSSH\;C:\Users\kimno\AppData\Local\Microsoft\WindowsApps;;C:\Users\kimno\AppData\Local\Programs\Microsoft VS Code\bin;C:\eclipse-java-2020-06-R-win32-x86_64 (1)\eclipse;
USERNAME=kimno
OS=Windows_NT
PROCESSOR_IDENTIFIER=Intel64 Family 6 Model 69 Stepping 1, GenuineIntel



---------------  S Y S T E M  ---------------

OS: Windows 10.0 , 64 bit Build 18362 (10.0.18362.959)

CPU:total 4 (initial active 4) (2 cores per cpu, 2 threads per core) family 6 model 69 stepping 1, cmov, cx8, fxsr, mmx, sse, sse2, sse3, ssse3, sse4.1, sse4.2, popcnt, avx, avx2, aes, clmul, erms, lzcnt, ht, tsc, tscinvbit, bmi1, bmi2

Memory: 4k page, physical 4099872k(396872k free), swap 16682784k(4348k free)

vm_info: Java HotSpot(TM) 64-Bit Server VM (25.261-b12) for windows-amd64 JRE (1.8.0_261-b12), built on Jun 18 2020 06:56:32 by "" with unknown MS VC++:1916

time: Mon Sep  7 20:05:51 2020
timezone: ¢¥eCN©öI¡¾©ö C¡ÍA¨ª¨öA
elapsed time: 0 seconds (0d 0h 0m 0s)

