#
# There is insufficient memory for the Java Runtime Environment to continue.
# Native memory allocation (malloc) failed to allocate 1048576 bytes for AllocateHeap
# Possible reasons:
#   The system is out of physical RAM or swap space
#   The process is running with CompressedOops enabled, and the Java Heap may be blocking the growth of the native heap
# Possible solutions:
#   Reduce memory load on the system
#   Increase physical memory or swap space
#   Check if swap backing store is full
#   Decrease Java heap size (-Xmx/-Xms)
#   Decrease number of Java threads
#   Decrease Java thread stack sizes (-Xss)
#   Set larger code cache with -XX:ReservedCodeCacheSize=
#   JVM is running with Unscaled Compressed Oops mode in which the Java heap is
#     placed in the first 4GB address space. The Java Heap base address is the
#     maximum limit for the native heap growth. Please use -XX:HeapBaseMinAddress
#     to set the Java Heap base and to place the Java Heap above 4GB virtual address.
# This output file may be truncated or incomplete.
#
#  Out of Memory Error (memory/allocation.inline.hpp:61), pid=13064, tid=0x00000000000043c4
#
# JRE version:  (8.0_261-b12) (build )
# Java VM: Java HotSpot(TM) 64-Bit Server VM (25.261-b12 mixed mode windows-amd64 compressed oops)
# Failed to write core dump. Minidumps are not enabled by default on client versions of Windows
#

---------------  T H R E A D  ---------------

Current thread (0x00000167d5962800):  JavaThread "Unknown thread" [_thread_in_vm, id=17348, stack(0x00000002caf00000,0x00000002cb000000)]

Stack: [0x00000002caf00000,0x00000002cb000000]
Native frames: (J=compiled Java code, j=interpreted, Vv=VM code, C=native code)
V  [jvm.dll+0x33e5f9]
V  [jvm.dll+0x2850e2]
V  [jvm.dll+0x285d8d]
V  [jvm.dll+0x27c895]
V  [jvm.dll+0x1565d]
V  [jvm.dll+0x3d87f8]
V  [jvm.dll+0x3d94ea]
V  [jvm.dll+0x3d5557]
V  [jvm.dll+0x10c61f]
V  [jvm.dll+0x21a00b]
V  [jvm.dll+0x248687]
V  [jvm.dll+0x172116]
C  [javaw.exe+0x2322]
C  [javaw.exe+0x16564]
C  [KERNEL32.DLL+0x17bd4]
C  [ntdll.dll+0x6ce51]


---------------  P R O C E S S  ---------------

Java Threads: ( => current thread )

Other Threads:

=>0x00000167d5962800 (exited) JavaThread "Unknown thread" [_thread_in_vm, id=17348, stack(0x00000002caf00000,0x00000002cb000000)]

VM state:not at safepoint (normal execution)

VM Mutex/Monitor currently owned by a thread: None

heap address: 0x00000000c1600000, size: 1002 MB, Compressed Oops mode: 32-bit
Narrow klass base: 0x0000000000000000, Narrow klass shift: 3
Compressed class space size: 1073741824 Address: 0x0000000100000000

Heap:
 PSYoungGen      total 18944K, used 327K [0x00000000eb200000, 0x00000000ec700000, 0x0000000100000000)
  eden space 16384K, 2% used [0x00000000eb200000,0x00000000eb251ec8,0x00000000ec200000)
  from space 2560K, 0% used [0x00000000ec480000,0x00000000ec480000,0x00000000ec700000)
  to   space 2560K, 0% used [0x00000000ec200000,0x00000000ec200000,0x00000000ec480000)
 ParOldGen       total 44032K, used 0K [0x00000000c1600000, 0x00000000c4100000, 0x00000000eb200000)
  object space 44032K, 0% used [0x00000000c1600000,0x00000000c1600000,0x00000000c4100000)
 Metaspace       used 752K, capacity 4480K, committed 4480K, reserved 1056768K
  class space    used 76K, capacity 384K, committed 384K, reserved 1048576K

Card table byte_map: [0x00000167e66f0000,0x00000167e68f0000] byte_map_base: 0x00000167e60e5000

Marking Bits: (ParMarkBitMap*) 0x0000000069074fb0
 Begin Bits: [0x00000167e68f0000, 0x00000167e7898000)
 End Bits:   [0x00000167e7898000, 0x00000167e8840000)

Polling page: 0x00000167d5870000

CodeCache: size=245760Kb used=328Kb max_used=328Kb free=245431Kb
 bounds [0x00000167d7330000, 0x00000167d75a0000, 0x00000167e6330000]
 total_blobs=58 nmethods=0 adapters=38
 compilation: enabled

Compilation events (0 events):
No events

GC Heap History (0 events):
No events

Deoptimization events (0 events):
No events

Classes redefined (0 events):
No events

Internal exceptions (0 events):
No events

Events (10 events):
Event: 0.082 loading class java/lang/Short
Event: 0.082 loading class java/lang/Short done
Event: 0.082 loading class java/lang/Integer
Event: 0.082 loading class java/lang/Integer done
Event: 0.082 loading class java/lang/Long
Event: 0.083 loading class java/lang/Long done
Event: 0.083 loading class java/lang/NullPointerException
Event: 0.084 loading class java/lang/NullPointerException done
Event: 0.084 loading class java/lang/ArithmeticException
Event: 0.084 loading class java/lang/ArithmeticException done


Dynamic libraries:
0x00007ff7639b0000 - 0x00007ff7639f7000 	C:\Program Files\Java\jre1.8.0_261\bin\javaw.exe
0x00007ffdb1180000 - 0x00007ffdb1370000 	C:\WINDOWS\SYSTEM32\ntdll.dll
0x00007ffdb0d40000 - 0x00007ffdb0df2000 	C:\WINDOWS\System32\KERNEL32.DLL
0x00007ffdaef80000 - 0x00007ffdaf225000 	C:\WINDOWS\System32\KERNELBASE.dll
0x00007ffdafdf0000 - 0x00007ffdafe93000 	C:\WINDOWS\System32\ADVAPI32.dll
0x00007ffdaf640000 - 0x00007ffdaf6de000 	C:\WINDOWS\System32\msvcrt.dll
0x00007ffdafbc0000 - 0x00007ffdafc57000 	C:\WINDOWS\System32\sechost.dll
0x00007ffdafc60000 - 0x00007ffdafd80000 	C:\WINDOWS\System32\RPCRT4.dll
0x00007ffdaf4a0000 - 0x00007ffdaf635000 	C:\WINDOWS\System32\USER32.dll
0x00007ffdaeae0000 - 0x00007ffdaeb01000 	C:\WINDOWS\System32\win32u.dll
0x00007ffdaff40000 - 0x00007ffdaff66000 	C:\WINDOWS\System32\GDI32.dll
0x00007ffdae1c0000 - 0x00007ffdae356000 	C:\WINDOWS\System32\gdi32full.dll
0x00007ffdaee90000 - 0x00007ffdaef2e000 	C:\WINDOWS\System32\msvcp_win.dll
0x00007ffdaeb10000 - 0x00007ffdaec0a000 	C:\WINDOWS\System32\ucrtbase.dll
0x00007ffda60f0000 - 0x00007ffda6374000 	C:\WINDOWS\WinSxS\amd64_microsoft.windows.common-controls_6595b64144ccf1df_6.0.18362.1082_none_9e8193e1e45b25c1\COMCTL32.dll
0x00007ffdb0e00000 - 0x00007ffdb1135000 	C:\WINDOWS\System32\combase.dll
0x00007ffdaedf0000 - 0x00007ffdaee70000 	C:\WINDOWS\System32\bcryptPrimitives.dll
0x00007ffdaf6e0000 - 0x00007ffdaf70e000 	C:\WINDOWS\System32\IMM32.DLL
0x00007ffda69e0000 - 0x00007ffda69f5000 	C:\Program Files\Java\jre1.8.0_261\bin\vcruntime140.dll
0x00007ffd812e0000 - 0x00007ffd8137b000 	C:\Program Files\Java\jre1.8.0_261\bin\msvcp140.dll
0x0000000068880000 - 0x00000000690ec000 	C:\Program Files\Java\jre1.8.0_261\bin\server\jvm.dll
0x00007ffdaf230000 - 0x00007ffdaf238000 	C:\WINDOWS\System32\PSAPI.DLL
0x00007ffda2b30000 - 0x00007ffda2b39000 	C:\WINDOWS\SYSTEM32\WSOCK32.dll
0x00007ffdaff70000 - 0x00007ffdaffdf000 	C:\WINDOWS\System32\WS2_32.dll
0x00007ffda4db0000 - 0x00007ffda4dd4000 	C:\WINDOWS\SYSTEM32\WINMM.dll
0x00007ffda4d80000 - 0x00007ffda4dad000 	C:\WINDOWS\SYSTEM32\WINMMBASE.dll
0x00007ffda5550000 - 0x00007ffda555a000 	C:\WINDOWS\SYSTEM32\VERSION.dll
0x00007ffdaef30000 - 0x00007ffdaef7a000 	C:\WINDOWS\System32\cfgmgr32.dll
0x00007ffdae050000 - 0x00007ffdae061000 	C:\WINDOWS\System32\kernel.appcore.dll
0x00007ffda9140000 - 0x00007ffda9150000 	C:\Program Files\Java\jre1.8.0_261\bin\verify.dll
0x00007ffda6a00000 - 0x00007ffda6a2b000 	C:\Program Files\Java\jre1.8.0_261\bin\java.dll
0x00007ffda8fe0000 - 0x00007ffda8ff8000 	C:\Program Files\Java\jre1.8.0_261\bin\zip.dll
0x00007ffda76b0000 - 0x00007ffda78a4000 	C:\WINDOWS\SYSTEM32\dbghelp.dll

VM Arguments:
jvm_args: -Dfile.encoding=UTF-8 
java_command: main.mainpage
java_class_path (initial): C:\JAVA_LAB\project1_1\bin;C:\Users\kimno\Downloads\mysql-connector-java-5.1.46 (1).jar
Launcher Type: SUN_STANDARD

Environment Variables:
PATH=C:/Program Files/Java/jre1.8.0_261/bin/server;C:/Program Files/Java/jre1.8.0_261/bin;C:/Program Files/Java/jre1.8.0_261/lib/amd64;C:\Program Files (x86)\Common Files\Oracle\Java\javapath;C:\WINDOWS\system32;C:\WINDOWS;C:\WINDOWS\System32\Wbem;C:\WINDOWS\System32\WindowsPowerShell\v1.0\;C:\WINDOWS\System32\OpenSSH\;C:\Users\kimno\AppData\Local\Microsoft\WindowsApps;;C:\Users\kimno\AppData\Local\Programs\Microsoft VS Code\bin;C:\eclipse-java-2020-06-R-win32-x86_64 (1)\eclipse;
USERNAME=kimno
OS=Windows_NT
PROCESSOR_IDENTIFIER=Intel64 Family 6 Model 69 Stepping 1, GenuineIntel



---------------  S Y S T E M  ---------------

OS: Windows 10.0 , 64 bit Build 18362 (10.0.18362.1082)

CPU:total 4 (initial active 4) (2 cores per cpu, 2 threads per core) family 6 model 69 stepping 1, cmov, cx8, fxsr, mmx, sse, sse2, sse3, ssse3, sse4.1, sse4.2, popcnt, avx, avx2, aes, clmul, erms, lzcnt, ht, tsc, tscinvbit, bmi1, bmi2

Memory: 4k page, physical 4099872k(367964k free), swap 16682784k(3036k free)

vm_info: Java HotSpot(TM) 64-Bit Server VM (25.261-b12) for windows-amd64 JRE (1.8.0_261-b12), built on Jun 18 2020 06:56:32 by "" with unknown MS VC++:1916

time: Sun Sep 13 22:23:13 2020
timezone: ¢¥eCN©öI¡¾©ö C¡ÍA¨ª¨öA
elapsed time: 0 seconds (0d 0h 0m 0s)

