#
# There is insufficient memory for the Java Runtime Environment to continue.
# Native memory allocation (malloc) failed to allocate 745136 bytes for Chunk::new
# Possible reasons:
#   The system is out of physical RAM or swap space
#   The process is running with CompressedOops enabled, and the Java Heap may be blocking the growth of the native heap
# Possible solutions:
#   Reduce memory load on the system
#   Increase physical memory or swap space
#   Check if swap backing store is full
#   Decrease Java heap size (-Xmx/-Xms)
#   Decrease number of Java threads
#   Decrease Java thread stack sizes (-Xss)
#   Set larger code cache with -XX:ReservedCodeCacheSize=
#   JVM is running with Unscaled Compressed Oops mode in which the Java heap is
#     placed in the first 4GB address space. The Java Heap base address is the
#     maximum limit for the native heap growth. Please use -XX:HeapBaseMinAddress
#     to set the Java Heap base and to place the Java Heap above 4GB virtual address.
# This output file may be truncated or incomplete.
#
#  Out of Memory Error (allocation.cpp:389), pid=4132, tid=0x0000000000003f30
#
# JRE version: Java(TM) SE Runtime Environment (8.0_261-b12) (build 1.8.0_261-b12)
# Java VM: Java HotSpot(TM) 64-Bit Server VM (25.261-b12 mixed mode windows-amd64 compressed oops)
# Failed to write core dump. Minidumps are not enabled by default on client versions of Windows
#

---------------  T H R E A D  ---------------

Current thread (0x00000252200b1800):  JavaThread "C2 CompilerThread1" daemon [_thread_in_native, id=16176, stack(0x000000a352800000,0x000000a352900000)]

Stack: [0x000000a352800000,0x000000a352900000]
Native frames: (J=compiled Java code, j=interpreted, Vv=VM code, C=native code)
V  [jvm.dll+0x33e5f9]
V  [jvm.dll+0x2850e2]
V  [jvm.dll+0x285d8d]
V  [jvm.dll+0x27c895]
V  [jvm.dll+0xe4d6c]
V  [jvm.dll+0xe556c]
V  [jvm.dll+0x47ece3]
V  [jvm.dll+0x4467c3]
V  [jvm.dll+0x44f8f5]
V  [jvm.dll+0x44ecb5]
V  [jvm.dll+0x439bc7]
V  [jvm.dll+0xbbbcb]
V  [jvm.dll+0xba22b]
V  [jvm.dll+0x24d962]
V  [jvm.dll+0x2a1cfc]
C  [ucrtbase.dll+0x20e82]
C  [KERNEL32.DLL+0x17bd4]
C  [ntdll.dll+0x6ce51]


Current CompileTask:
C2:   2366  703       4       sun.font.TrueTypeFont::initAllNames (177 bytes)


---------------  P R O C E S S  ---------------

Java Threads: ( => current thread )
  0x000002520bf42800 JavaThread "DestroyJavaVM" [_thread_blocked, id=11660, stack(0x000000a351d00000,0x000000a351e00000)]
  0x0000025220f28000 JavaThread "AWT-EventQueue-0" [_thread_blocked, id=15484, stack(0x000000a353000000,0x000000a353100000)]
  0x0000025220efc800 JavaThread "Image Fetcher 0" daemon [_thread_blocked, id=8364, stack(0x000000a352f00000,0x000000a353000000)]
  0x0000025220e90800 JavaThread "AWT-Windows" daemon [_thread_in_native, id=14144, stack(0x000000a352e00000,0x000000a352f00000)]
  0x0000025220e8b000 JavaThread "AWT-Shutdown" [_thread_blocked, id=2548, stack(0x000000a352d00000,0x000000a352e00000)]
  0x0000025220e87800 JavaThread "Java2D Disposer" daemon [_thread_blocked, id=16976, stack(0x000000a352c00000,0x000000a352d00000)]
  0x0000025220136000 JavaThread "Service Thread" daemon [_thread_blocked, id=11024, stack(0x000000a352a00000,0x000000a352b00000)]
  0x00000252200b6800 JavaThread "C1 CompilerThread2" daemon [_thread_blocked, id=7968, stack(0x000000a352900000,0x000000a352a00000)]
=>0x00000252200b1800 JavaThread "C2 CompilerThread1" daemon [_thread_in_native, id=16176, stack(0x000000a352800000,0x000000a352900000)]
  0x00000252200aa000 JavaThread "C2 CompilerThread0" daemon [_thread_blocked, id=16588, stack(0x000000a352700000,0x000000a352800000)]
  0x00000252200a8000 JavaThread "Attach Listener" daemon [_thread_blocked, id=14180, stack(0x000000a352600000,0x000000a352700000)]
  0x00000252200a7800 JavaThread "Signal Dispatcher" daemon [_thread_blocked, id=14068, stack(0x000000a352500000,0x000000a352600000)]
  0x0000025220036800 JavaThread "Finalizer" daemon [_thread_blocked, id=10028, stack(0x000000a352400000,0x000000a352500000)]
  0x000002521f8fd000 JavaThread "Reference Handler" daemon [_thread_blocked, id=2008, stack(0x000000a352300000,0x000000a352400000)]

Other Threads:
  0x0000025220014000 VMThread [stack: 0x000000a352200000,0x000000a352300000] [id=13016]
  0x0000025220165000 WatcherThread [stack: 0x000000a352b00000,0x000000a352c00000] [id=6396]

VM state:not at safepoint (normal execution)

VM Mutex/Monitor currently owned by a thread: None

heap address: 0x00000000c1600000, size: 1002 MB, Compressed Oops mode: 32-bit
Narrow klass base: 0x0000000000000000, Narrow klass shift: 3
Compressed class space size: 1073741824 Address: 0x0000000100000000

Heap:
 PSYoungGen      total 18944K, used 7193K [0x00000000eb200000, 0x00000000ec700000, 0x0000000100000000)
  eden space 16384K, 28% used [0x00000000eb200000,0x00000000eb68e610,0x00000000ec200000)
  from space 2560K, 98% used [0x00000000ec200000,0x00000000ec4781c8,0x00000000ec480000)
  to   space 2560K, 0% used [0x00000000ec480000,0x00000000ec480000,0x00000000ec700000)
 ParOldGen       total 44032K, used 3860K [0x00000000c1600000, 0x00000000c4100000, 0x00000000eb200000)
  object space 44032K, 8% used [0x00000000c1600000,0x00000000c19c5120,0x00000000c4100000)
 Metaspace       used 9239K, capacity 9376K, committed 9728K, reserved 1058816K
  class space    used 1110K, capacity 1163K, committed 1280K, reserved 1048576K

Card table byte_map: [0x000002521cb70000,0x000002521cd70000] byte_map_base: 0x000002521c565000

Marking Bits: (ParMarkBitMap*) 0x0000000069074fb0
 Begin Bits: [0x000002521cec0000, 0x000002521de68000)
 End Bits:   [0x000002521de68000, 0x000002521ee10000)

Polling page: 0x000002520beb0000

CodeCache: size=245760Kb used=2950Kb max_used=2974Kb free=242809Kb
 bounds [0x000002520d7b0000, 0x000002520daa0000, 0x000002521c7b0000]
 total_blobs=1166 nmethods=710 adapters=369
 compilation: enabled

Compilation events (10 events):
Event: 1.833 Thread 0x00000252200b6800 nmethod 709 0x000002520da82890 code [0x000002520da829e0, 0x000002520da82af8]
Event: 1.833 Thread 0x00000252200b6800  708       3       java.util.ArrayList::elementData (7 bytes)
Event: 1.834 Thread 0x00000252200b6800 nmethod 708 0x000002520da88910 code [0x000002520da88a60, 0x000002520da88bd8]
Event: 1.836 Thread 0x00000252200b6800  710       3       sun.util.locale.LocaleUtils::isUpper (18 bytes)
Event: 1.836 Thread 0x00000252200b6800 nmethod 710 0x000002520da880d0 code [0x000002520da88220, 0x000002520da883f8]
Event: 1.906 Thread 0x00000252200aa000 nmethod 700 0x000002520da90f90 code [0x000002520da91300, 0x000002520da94ce8]
Event: 1.906 Thread 0x00000252200aa000  704       4       java.nio.ByteBufferAsCharBufferB::get (16 bytes)
Event: 1.909 Thread 0x00000252200aa000 nmethod 704 0x000002520da87c50 code [0x000002520da87da0, 0x000002520da87ef8]
Event: 1.983 Thread 0x00000252200b6800  711       3       java.lang.Math::max (11 bytes)
Event: 1.983 Thread 0x00000252200b6800 nmethod 711 0x000002520da878d0 code [0x000002520da87a20, 0x000002520da87bb8]

GC Heap History (2 events):
Event: 1.686 GC heap before
{Heap before GC invocations=1 (full 0):
 PSYoungGen      total 18944K, used 16384K [0x00000000eb200000, 0x00000000ec700000, 0x0000000100000000)
  eden space 16384K, 100% used [0x00000000eb200000,0x00000000ec200000,0x00000000ec200000)
  from space 2560K, 0% used [0x00000000ec480000,0x00000000ec480000,0x00000000ec700000)
  to   space 2560K, 0% used [0x00000000ec200000,0x00000000ec200000,0x00000000ec480000)
 ParOldGen       total 44032K, used 0K [0x00000000c1600000, 0x00000000c4100000, 0x00000000eb200000)
  object space 44032K, 0% used [0x00000000c1600000,0x00000000c1600000,0x00000000c4100000)
 Metaspace       used 8989K, capacity 9152K, committed 9344K, reserved 1056768K
  class space    used 1073K, capacity 1131K, committed 1152K, reserved 1048576K
Event: 1.694 GC heap after
Heap after GC invocations=1 (full 0):
 PSYoungGen      total 18944K, used 2528K [0x00000000eb200000, 0x00000000ec700000, 0x0000000100000000)
  eden space 16384K, 0% used [0x00000000eb200000,0x00000000eb200000,0x00000000ec200000)
  from space 2560K, 98% used [0x00000000ec200000,0x00000000ec4781c8,0x00000000ec480000)
  to   space 2560K, 0% used [0x00000000ec480000,0x00000000ec480000,0x00000000ec700000)
 ParOldGen       total 44032K, used 3860K [0x00000000c1600000, 0x00000000c4100000, 0x00000000eb200000)
  object space 44032K, 8% used [0x00000000c1600000,0x00000000c19c5120,0x00000000c4100000)
 Metaspace       used 8989K, capacity 9152K, committed 9344K, reserved 1056768K
  class space    used 1073K, capacity 1131K, committed 1152K, reserved 1048576K
}

Deoptimization events (4 events):
Event: 0.620 Thread 0x000002520bf42800 Uncommon trap: reason=null_check action=make_not_entrant pc=0x000002520d92bea0 method=java.lang.String.equals(Ljava/lang/Object;)Z @ 8
Event: 1.644 Thread 0x0000025220f28000 Uncommon trap: reason=unstable_if action=reinterpret pc=0x000002520da63470 method=java.lang.Character.isSurrogate(C)Z @ 3
Event: 1.644 Thread 0x0000025220f28000 Uncommon trap: reason=unstable_if action=reinterpret pc=0x000002520d9bb550 method=java.lang.String.toLowerCase(Ljava/util/Locale;)Ljava/lang/String; @ 37
Event: 1.818 Thread 0x0000025220f28000 Uncommon trap: reason=unstable_if action=reinterpret pc=0x000002520da56ee0 method=sun.font.TrueTypeFont.getDirectoryEntry(I)Lsun/font/TrueTypeFont$DirectoryEntry; @ 7

Classes redefined (0 events):
No events

Internal exceptions (10 events):
Event: 0.295 Thread 0x000002520bf42800 Exception <a 'java/security/PrivilegedActionException'> (0x00000000eb2cd830) thrown at [C:\jenkins\workspace\8-2-build-windows-amd64-cygwin\jdk8u261\295\hotspot\src\share\vm\prims\jvm.cpp, line 1512]
Event: 0.297 Thread 0x000002520bf42800 Exception <a 'java/security/PrivilegedActionException'> (0x00000000eb2d14a0) thrown at [C:\jenkins\workspace\8-2-build-windows-amd64-cygwin\jdk8u261\295\hotspot\src\share\vm\prims\jvm.cpp, line 1512]
Event: 0.297 Thread 0x000002520bf42800 Exception <a 'java/security/PrivilegedActionException'> (0x00000000eb2d16b0) thrown at [C:\jenkins\workspace\8-2-build-windows-amd64-cygwin\jdk8u261\295\hotspot\src\share\vm\prims\jvm.cpp, line 1512]
Event: 0.314 Thread 0x000002520bf42800 Exception <a 'java/io/FileNotFoundException'> (0x00000000eb2d44b8) thrown at [C:\jenkins\workspace\8-2-build-windows-amd64-cygwin\jdk8u261\295\hotspot\src\share\vm\prims\jni.cpp, line 710]
Event: 0.413 Thread 0x000002520bf42800 Exception <a 'java/lang/NoSuchFieldError': method resolution failed> (0x00000000eb3f6e38) thrown at [C:\jenkins\workspace\8-2-build-windows-amd64-cygwin\jdk8u261\295\hotspot\src\share\vm\prims\methodHandles.cpp, line 1169]
Event: 0.421 Thread 0x000002520bf42800 Exception <a 'java/lang/NoSuchFieldError': method resolution failed> (0x00000000eb404208) thrown at [C:\jenkins\workspace\8-2-build-windows-amd64-cygwin\jdk8u261\295\hotspot\src\share\vm\prims\methodHandles.cpp, line 1169]
Event: 0.543 Thread 0x000002520bf42800 Exception <a 'java/io/FileNotFoundException'> (0x00000000eb49c150) thrown at [C:\jenkins\workspace\8-2-build-windows-amd64-cygwin\jdk8u261\295\hotspot\src\share\vm\prims\jni.cpp, line 710]
Event: 0.620 Thread 0x000002520bf42800 Implicit null exception at 0x000002520d92bce2 to 0x000002520d92be91
Event: 0.851 Thread 0x000002520bf42800 Exception <a 'java/io/FileNotFoundException'> (0x00000000eb5b6a78) thrown at [C:\jenkins\workspace\8-2-build-windows-amd64-cygwin\jdk8u261\295\hotspot\src\share\vm\prims\jni.cpp, line 710]
Event: 0.851 Thread 0x000002520bf42800 Exception <a 'java/lang/NullPointerException'> (0x00000000eb5b7120) thrown at [C:\jenkins\workspace\8-2-build-windows-amd64-cygwin\jdk8u261\295\hotspot\src\share\vm\interpreter\linkResolver.cpp, line 1185]

Events (10 events):
Event: 1.985 loading class java/awt/Toolkit$SelectiveAWTEventListener
Event: 1.985 loading class java/awt/Toolkit$SelectiveAWTEventListener done
Event: 1.985 loading class java/awt/Toolkit$ToolkitEventMulticaster
Event: 1.985 loading class java/awt/Toolkit$ToolkitEventMulticaster done
Event: 1.985 loading class java/awt/AWTEvent$2
Event: 1.986 loading class java/awt/AWTEvent$2 done
Event: 1.986 loading class sun/reflect/UnsafeBooleanFieldAccessorImpl
Event: 1.986 loading class sun/reflect/UnsafeBooleanFieldAccessorImpl done
Event: 1.987 loading class javax/swing/event/ChangeEvent
Event: 1.987 loading class javax/swing/event/ChangeEvent done


Dynamic libraries:
0x00007ff7639b0000 - 0x00007ff7639f7000 	C:\Program Files\Java\jre1.8.0_261\bin\javaw.exe
0x00007ffdb1180000 - 0x00007ffdb1370000 	C:\WINDOWS\SYSTEM32\ntdll.dll
0x00007ffdb0d40000 - 0x00007ffdb0df2000 	C:\WINDOWS\System32\KERNEL32.DLL
0x00007ffdaef80000 - 0x00007ffdaf225000 	C:\WINDOWS\System32\KERNELBASE.dll
0x00007ffdafdf0000 - 0x00007ffdafe93000 	C:\WINDOWS\System32\ADVAPI32.dll
0x00007ffdaf640000 - 0x00007ffdaf6de000 	C:\WINDOWS\System32\msvcrt.dll
0x00007ffdafbc0000 - 0x00007ffdafc57000 	C:\WINDOWS\System32\sechost.dll
0x00007ffdafc60000 - 0x00007ffdafd80000 	C:\WINDOWS\System32\RPCRT4.dll
0x00007ffdaf4a0000 - 0x00007ffdaf635000 	C:\WINDOWS\System32\USER32.dll
0x00007ffdaeae0000 - 0x00007ffdaeb01000 	C:\WINDOWS\System32\win32u.dll
0x00007ffdaff40000 - 0x00007ffdaff66000 	C:\WINDOWS\System32\GDI32.dll
0x00007ffdae1c0000 - 0x00007ffdae356000 	C:\WINDOWS\System32\gdi32full.dll
0x00007ffdaee90000 - 0x00007ffdaef2e000 	C:\WINDOWS\System32\msvcp_win.dll
0x00007ffdaeb10000 - 0x00007ffdaec0a000 	C:\WINDOWS\System32\ucrtbase.dll
0x00007ffda60f0000 - 0x00007ffda6374000 	C:\WINDOWS\WinSxS\amd64_microsoft.windows.common-controls_6595b64144ccf1df_6.0.18362.1082_none_9e8193e1e45b25c1\COMCTL32.dll
0x00007ffdb0e00000 - 0x00007ffdb1135000 	C:\WINDOWS\System32\combase.dll
0x00007ffdaedf0000 - 0x00007ffdaee70000 	C:\WINDOWS\System32\bcryptPrimitives.dll
0x00007ffdaf6e0000 - 0x00007ffdaf70e000 	C:\WINDOWS\System32\IMM32.DLL
0x00007ffda69e0000 - 0x00007ffda69f5000 	C:\Program Files\Java\jre1.8.0_261\bin\vcruntime140.dll
0x00007ffd812e0000 - 0x00007ffd8137b000 	C:\Program Files\Java\jre1.8.0_261\bin\msvcp140.dll
0x0000000068880000 - 0x00000000690ec000 	C:\Program Files\Java\jre1.8.0_261\bin\server\jvm.dll
0x00007ffdaf230000 - 0x00007ffdaf238000 	C:\WINDOWS\System32\PSAPI.DLL
0x00007ffda2b30000 - 0x00007ffda2b39000 	C:\WINDOWS\SYSTEM32\WSOCK32.dll
0x00007ffdaff70000 - 0x00007ffdaffdf000 	C:\WINDOWS\System32\WS2_32.dll
0x00007ffda4db0000 - 0x00007ffda4dd4000 	C:\WINDOWS\SYSTEM32\WINMM.dll
0x00007ffda4d80000 - 0x00007ffda4dad000 	C:\WINDOWS\SYSTEM32\WINMMBASE.dll
0x00007ffdaef30000 - 0x00007ffdaef7a000 	C:\WINDOWS\System32\cfgmgr32.dll
0x00007ffda5550000 - 0x00007ffda555a000 	C:\WINDOWS\SYSTEM32\VERSION.dll
0x00007ffdae050000 - 0x00007ffdae061000 	C:\WINDOWS\System32\kernel.appcore.dll
0x00007ffda9140000 - 0x00007ffda9150000 	C:\Program Files\Java\jre1.8.0_261\bin\verify.dll
0x00007ffda6a00000 - 0x00007ffda6a2b000 	C:\Program Files\Java\jre1.8.0_261\bin\java.dll
0x00007ffda8fe0000 - 0x00007ffda8ff8000 	C:\Program Files\Java\jre1.8.0_261\bin\zip.dll
0x00007ffdaffe0000 - 0x00007ffdb06c7000 	C:\WINDOWS\System32\SHELL32.dll
0x00007ffdb07c0000 - 0x00007ffdb0869000 	C:\WINDOWS\System32\shcore.dll
0x00007ffdae360000 - 0x00007ffdaeae0000 	C:\WINDOWS\System32\windows.storage.dll
0x00007ffdae0e0000 - 0x00007ffdae103000 	C:\WINDOWS\System32\profapi.dll
0x00007ffdae090000 - 0x00007ffdae0da000 	C:\WINDOWS\System32\powrprof.dll
0x00007ffdae040000 - 0x00007ffdae050000 	C:\WINDOWS\System32\UMPDC.dll
0x00007ffdb0ce0000 - 0x00007ffdb0d32000 	C:\WINDOWS\System32\shlwapi.dll
0x00007ffdaee70000 - 0x00007ffdaee87000 	C:\WINDOWS\System32\cryptsp.dll
0x00007ffd7d870000 - 0x00007ffd7da04000 	C:\Program Files\Java\jre1.8.0_261\bin\awt.dll
0x00007ffdaf710000 - 0x00007ffdaf7d5000 	C:\WINDOWS\System32\OLEAUT32.dll
0x00007ffdac2e0000 - 0x00007ffdac36f000 	C:\WINDOWS\SYSTEM32\apphelp.dll
0x00007ffdac7c0000 - 0x00007ffdac7ed000 	C:\WINDOWS\system32\DWMAPI.DLL
0x00007ffdac390000 - 0x00007ffdac429000 	C:\WINDOWS\system32\uxtheme.dll
0x00007ffd98570000 - 0x00007ffd986c6000 	C:\WINDOWS\system32\opengl32.dll
0x00007ffda8310000 - 0x00007ffda833c000 	C:\WINDOWS\SYSTEM32\GLU32.dll
0x00007ffdacc90000 - 0x00007ffdaccb0000 	C:\WINDOWS\SYSTEM32\dxcore.dll
0x00007ffdaf920000 - 0x00007ffdafa55000 	C:\WINDOWS\System32\MSCTF.dll
0x00007ffdafa60000 - 0x00007ffdafbb7000 	C:\WINDOWS\System32\ole32.dll
0x00007ffd89310000 - 0x00007ffd89359000 	C:\Program Files\Java\jre1.8.0_261\bin\fontmanager.dll
0x00007ffda81f0000 - 0x00007ffda820c000 	C:\Program Files\Java\jre1.8.0_261\bin\net.dll
0x00007ffdad830000 - 0x00007ffdad897000 	C:\WINDOWS\system32\mswsock.dll
0x00007ffda7a20000 - 0x00007ffda7a33000 	C:\Program Files\Java\jre1.8.0_261\bin\nio.dll
0x00007ffd828f0000 - 0x00007ffd82933000 	C:\Program Files\Java\jre1.8.0_261\bin\t2k.dll
0x00007ffda2250000 - 0x00007ffda22ee000 	C:\WINDOWS\System32\TextInputFramework.dll
0x00007ffdac0b0000 - 0x00007ffdac184000 	C:\WINDOWS\System32\CoreMessaging.dll
0x00007ffd9f020000 - 0x00007ffd9f34a000 	C:\WINDOWS\System32\CoreUIComponents.dll
0x00007ffdad080000 - 0x00007ffdad0b1000 	C:\WINDOWS\SYSTEM32\ntmarta.dll
0x00007ffdaa140000 - 0x00007ffdaa293000 	C:\WINDOWS\SYSTEM32\wintypes.dll
0x00007ffda47b0000 - 0x00007ffda4a56000 	C:\WINDOWS\System32\iertutil.dll
0x00007ffdaf3f0000 - 0x00007ffdaf492000 	C:\WINDOWS\System32\clbcatq.dll
0x00007ffd93c10000 - 0x00007ffd93cdf000 	C:\Windows\System32\IME\IMEKR\imkrtip.dll
0x00007ffdaaa10000 - 0x00007ffdaab00000 	C:\WINDOWS\SYSTEM32\PROPSYS.dll
0x00007ffd93ad0000 - 0x00007ffd93c08000 	C:\Windows\System32\IME\shared\imetip.dll
0x00007ffda9b60000 - 0x00007ffda9bc5000 	C:\WINDOWS\SYSTEM32\OLEACC.dll
0x00007ffd934b0000 - 0x00007ffd93663000 	C:\WINDOWS\SYSTEM32\DUI70.dll
0x00007ffd93a90000 - 0x00007ffd93ace000 	C:\Windows\System32\IME\IMEKR\imkrapi.dll
0x00007ffd93a50000 - 0x00007ffd93a8c000 	C:\Windows\System32\IME\shared\imjkapi.dll
0x00007ffda76b0000 - 0x00007ffda78a4000 	C:\WINDOWS\SYSTEM32\dbghelp.dll

VM Arguments:
jvm_args: -Dfile.encoding=UTF-8 
java_command: main.mainpage
java_class_path (initial): C:\JAVA_LAB\project1_1\bin;C:\Users\kimno\Downloads\mysql-connector-java-5.1.46 (1).jar
Launcher Type: SUN_STANDARD

Environment Variables:
PATH=C:/Program Files/Java/jre1.8.0_261/bin/server;C:/Program Files/Java/jre1.8.0_261/bin;C:/Program Files/Java/jre1.8.0_261/lib/amd64;C:\Program Files (x86)\Common Files\Oracle\Java\javapath;C:\WINDOWS\system32;C:\WINDOWS;C:\WINDOWS\System32\Wbem;C:\WINDOWS\System32\WindowsPowerShell\v1.0\;C:\WINDOWS\System32\OpenSSH\;C:\Users\kimno\AppData\Local\Microsoft\WindowsApps;;C:\Users\kimno\AppData\Local\Programs\Microsoft VS Code\bin;C:\eclipse-java-2020-06-R-win32-x86_64 (1)\eclipse;
USERNAME=kimno
OS=Windows_NT
PROCESSOR_IDENTIFIER=Intel64 Family 6 Model 69 Stepping 1, GenuineIntel



---------------  S Y S T E M  ---------------

OS: Windows 10.0 , 64 bit Build 18362 (10.0.18362.1082)

CPU:total 4 (initial active 4) (2 cores per cpu, 2 threads per core) family 6 model 69 stepping 1, cmov, cx8, fxsr, mmx, sse, sse2, sse3, ssse3, sse4.1, sse4.2, popcnt, avx, avx2, aes, clmul, erms, lzcnt, ht, tsc, tscinvbit, bmi1, bmi2

Memory: 4k page, physical 4099872k(893724k free), swap 16682784k(4372k free)

vm_info: Java HotSpot(TM) 64-Bit Server VM (25.261-b12) for windows-amd64 JRE (1.8.0_261-b12), built on Jun 18 2020 06:56:32 by "" with unknown MS VC++:1916

time: Sun Sep 13 22:30:29 2020
timezone: ¢¥eCN©öI¡¾©ö C¡ÍA¨ª¨öA
elapsed time: 2 seconds (0d 0h 0m 2s)

